<?xml version="1.0" encoding="UTF-8"?>
<!-- Generated by org.testng.reporters.JUnitReportReporter -->
<testsuite hostname="WHS-LAP-KP" failures="0" tests="4" name="Test.BackbaseTestSuite" time="221.615" errors="0" timestamp="20 Aug 2019 19:51:08 GMT" skipped="0">
  <testcase classname="Test.BackbaseTestSuite" name="TestCreateNewComputer" time="2.580"/>
  <testcase classname="Test.BackbaseTestSuite" name="TestReadComputerData" time="33.622"/>
  <testcase classname="Test.BackbaseTestSuite" name="TestUpadateRecord" time="25.699"/>
  <testcase classname="Test.BackbaseTestSuite" name="TestDeleteRecord" time="159.714"/>
</testsuite> <!-- Test.BackbaseTestSuite -->
