<?xml version="1.0" encoding="UTF-8"?>
<!-- Generated by org.testng.reporters.JUnitReportReporter -->
<testsuite hostname="WHS-LAP-KP" failures="0" tests="1" name="Test.CreateANewComputer" time="0.376" errors="0" timestamp="17 Jul 2019 16:52:32 GMT" skipped="0">
  <testcase classname="Test.CreateANewComputer" name="testCreateNewComputer" time="0.376"/>
</testsuite> <!-- Test.CreateANewComputer -->
