<?xml version="1.0" encoding="UTF-8"?>
<!-- Generated by org.testng.reporters.JUnitReportReporter -->
<testsuite hostname="WHS-LAP-KP" failures="0" tests="4" name="Test.CreateNewComputer" time="64.632" errors="0" timestamp="19 Aug 2019 19:55:23 GMT" skipped="0">
  <testcase classname="Test.CreateNewComputer" name="TestCreateNewComputer" time="3.127"/>
  <testcase classname="Test.CreateNewComputer" name="TestReadComputerData" time="10.870"/>
  <testcase classname="Test.CreateNewComputer" name="TestUpadateRecord" time="24.811"/>
  <testcase classname="Test.CreateNewComputer" name="TestDeleteRecord" time="25.824"/>
</testsuite> <!-- Test.CreateNewComputer -->
