<?xml version="1.0" encoding="UTF-8"?>
<!-- Generated by org.testng.reporters.JUnitReportReporter -->
<testsuite hostname="WHS-LAP-KP" failures="0" tests="5" name="Test.BackbaseTestSuite" time="86.627" errors="0" timestamp="21 Aug 2019 20:04:27 GMT" skipped="0">
  <testcase classname="Test.BackbaseTestSuite" name="TestCreateNewComputer" time="2.293"/>
  <testcase classname="Test.BackbaseTestSuite" name="TestReadComputerData" time="21.347"/>
  <testcase classname="Test.BackbaseTestSuite" name="TestUpadateRecord" time="23.818"/>
  <testcase classname="Test.BackbaseTestSuite" name="TestDeleteRecord" time="12.259"/>
  <testcase classname="Test.BackbaseTestSuite" name="TestNameValidation" time="26.910"/>
</testsuite> <!-- Test.BackbaseTestSuite -->
